<?xml version="1.0" encoding="UTF-8"?>
<!-- Generated by org.testng.reporters.JUnitReportReporter -->
<testsuite hostname="LAPTOP-5KMFOFH9" failures="0" tests="1" name="interactWithElement.LocatorDemo" time="11.046" errors="0" timestamp="2024-04-23T22:10:54 IST" skipped="0">
  <testcase classname="interactWithElement.LocatorDemo" name="testLocators" time="11.046"/>
  <system-out/>
</testsuite> <!-- interactWithElement.LocatorDemo -->
