<?xml version="1.0" encoding="UTF-8"?>
<!-- Generated by org.testng.reporters.JUnitReportReporter -->
<testsuite hostname="LAPTOP-5KMFOFH9" failures="0" tests="1" name="interactWithElement.LongclickGesture" time="16.899" errors="0" timestamp="2024-04-24T21:31:42 IST" skipped="0">
  <testcase classname="interactWithElement.LongclickGesture" name="testLongClick" time="16.899"/>
  <system-out/>
</testsuite> <!-- interactWithElement.LongclickGesture -->
