<?xml version="1.0" encoding="UTF-8"?>
<!-- Generated by org.testng.reporters.JUnitReportReporter -->
<testsuite hostname="LAPTOP-5KMFOFH9" failures="0" tests="2" name="testAPI.Put_Delete_Request" time="3.709" errors="0" timestamp="2024-04-10T22:22:36 IST" skipped="0">
  <testcase classname="testAPI.Put_Delete_Request" name="deleteRequest" time="2.785"/>
  <system-out/>
  <testcase classname="testAPI.Put_Delete_Request" name="PutRequest" time="0.924"/>
  <system-out/>
</testsuite> <!-- testAPI.Put_Delete_Request -->
