<?xml version="1.0" encoding="UTF-8"?>
<!-- Generated by org.testng.reporters.JUnitReportReporter -->
<testsuite hostname="LAPTOP-5KMFOFH9" failures="0" tests="1" name="interactWithElement.ScrollGestureTest" time="21.005" errors="0" timestamp="2024-04-24T21:59:48 IST" skipped="0">
  <testcase classname="interactWithElement.ScrollGestureTest" name="testScroll" time="21.005"/>
  <system-out/>
</testsuite> <!-- interactWithElement.ScrollGestureTest -->
