<?xml version="1.0" encoding="UTF-8"?>
<!-- Generated by org.testng.reporters.JUnitReportReporter -->
<testsuite hostname="LAPTOP-5KMFOFH9" failures="0" tests="1" name="interactWithElement.SwipeGesture" time="14.658" errors="0" timestamp="2024-04-24T22:10:24 IST" skipped="0">
  <testcase classname="interactWithElement.SwipeGesture" name="testSwipe" time="14.658"/>
  <system-out/>
</testsuite> <!-- interactWithElement.SwipeGesture -->
