<?xml version="1.0" encoding="UTF-8"?>
<!-- Generated by org.testng.reporters.JUnitReportReporter -->
<testsuite hostname="LAPTOP-5KMFOFH9" failures="0" tests="1" name="specialScenarios.KeyWithKeyEvent" time="20.813" errors="0" timestamp="2024-04-25T22:13:11 IST" skipped="0">
  <testcase classname="specialScenarios.KeyWithKeyEvent" name="testTextWriting" time="20.813"/>
  <system-out/>
</testsuite> <!-- specialScenarios.KeyWithKeyEvent -->
