<?xml version="1.0" encoding="UTF-8"?>
<!-- Generated by org.testng.reporters.JUnitReportReporter -->
<testsuite hostname="LAPTOP-5KMFOFH9" failures="0" tests="1" name="specialScenarios.PerformanceDataTest" time="9.921" errors="0" timestamp="2024-04-25T21:40:21 IST" skipped="0">
  <testcase classname="specialScenarios.PerformanceDataTest" name="testPerformance" time="9.921"/>
  <system-out/>
</testsuite> <!-- specialScenarios.PerformanceDataTest -->
