<?xml version="1.0" encoding="UTF-8"?>
<!-- Generated by org.testng.reporters.JUnitReportReporter -->
<testsuite hostname="LAPTOP-5KMFOFH9" failures="0" tests="1" name="testAPI.BasicREquestPattern" time="2.501" errors="0" timestamp="2024-04-10T21:00:54 IST" skipped="0">
  <testcase classname="testAPI.BasicREquestPattern" name="SingleUser_GET" time="2.501"/>
  <system-out/>
</testsuite> <!-- testAPI.BasicREquestPattern -->
