<?xml version="1.0" encoding="UTF-8"?>
<!-- Generated by org.testng.reporters.JUnitReportReporter -->
<testsuite hostname="LAPTOP-5KMFOFH9" failures="0" tests="1" name="specialScenarios.Lock_UnLock_RotateDevice" time="10.142" errors="0" timestamp="2024-04-25T21:29:25 IST" skipped="0">
  <testcase classname="specialScenarios.Lock_UnLock_RotateDevice" name="testDeviceSetup" time="10.142"/>
  <system-out/>
</testsuite> <!-- specialScenarios.Lock_UnLock_RotateDevice -->
