<?xml version="1.0" encoding="UTF-8"?>
<!-- Generated by org.testng.reporters.JUnitReportReporter -->
<testsuite hostname="LAPTOP-5KMFOFH9" failures="0" tests="1" name="interactWithElement.AlertHandling" time="15.659" errors="0" timestamp="2024-04-24T22:17:15 IST" skipped="0">
  <testcase classname="interactWithElement.AlertHandling" name="testAlert" time="15.659"/>
  <system-out/>
</testsuite> <!-- interactWithElement.AlertHandling -->
