<?xml version="1.0" encoding="UTF-8"?>
<!-- Generated by org.testng.reporters.JUnitReportReporter -->
<testsuite hostname="LAPTOP-5KMFOFH9" failures="0" tests="1" name="mobileDriverSession.FirstDriverSession" time="22.751" errors="0" timestamp="2024-04-23T21:19:46 IST" skipped="0">
  <testcase classname="mobileDriverSession.FirstDriverSession" name="testDriverSession" time="22.751"/>
  <system-out/>
</testsuite> <!-- mobileDriverSession.FirstDriverSession -->
