<?xml version="1.0" encoding="UTF-8"?>
<!-- Generated by org.testng.reporters.JUnitReportReporter -->
<testsuite hostname="LAPTOP-5KMFOFH9" failures="0" tests="1" name="interactWithElement.ClickGestureTest" time="9.897" errors="0" timestamp="2024-04-24T21:22:51 IST" skipped="0">
  <testcase classname="interactWithElement.ClickGestureTest" name="testClick" time="9.897"/>
  <system-out/>
</testsuite> <!-- interactWithElement.ClickGestureTest -->
