<?xml version="1.0" encoding="UTF-8"?>
<!-- Generated by org.testng.reporters.JUnitReportReporter -->
<testsuite hostname="LAPTOP-5KMFOFH9" failures="0" tests="1" name="specialScenarios.WorkingWithApp" time="21.885" errors="0" timestamp="2024-04-25T22:01:58 IST" skipped="0">
  <testcase classname="specialScenarios.WorkingWithApp" name="testApplicationStatus" time="21.885"/>
  <system-out/>
</testsuite> <!-- specialScenarios.WorkingWithApp -->
