<?xml version="1.0" encoding="UTF-8"?>
<!-- Generated by org.testng.reporters.JUnitReportReporter -->
<testsuite hostname="LAPTOP-5KMFOFH9" failures="0" tests="4" name="testAPI.Cookies_HeadersValidation" time="3.146" errors="0" timestamp="2024-04-11T21:31:13 IST" skipped="0">
  <testcase classname="testAPI.Cookies_HeadersValidation" name="validateHeaders" time="2.391"/>
  <system-out/>
  <testcase classname="testAPI.Cookies_HeadersValidation" name="getAllCookies" time="0.272"/>
  <system-out/>
  <testcase classname="testAPI.Cookies_HeadersValidation" name="testSingleCookie" time="0.249"/>
  <system-out/>
  <testcase classname="testAPI.Cookies_HeadersValidation" name="getAllHeaders" time="0.234"/>
  <system-out/>
</testsuite> <!-- testAPI.Cookies_HeadersValidation -->
