<?xml version="1.0" encoding="UTF-8"?>
<!-- Generated by org.testng.reporters.JUnitReportReporter -->
<testsuite hostname="LAPTOP-5KMFOFH9" failures="0" tests="3" name="testAPI.SameUSerCreate_Update_Delete" time="4.942" errors="0" timestamp="2024-04-11T20:49:33 IST" skipped="0">
  <testcase classname="testAPI.SameUSerCreate_Update_Delete" name="createUSer" time="3.847"/>
  <system-out/>
  <testcase classname="testAPI.SameUSerCreate_Update_Delete" name="updateSameUSer" time="0.735"/>
  <system-out/>
  <testcase classname="testAPI.SameUSerCreate_Update_Delete" name="deleteSameUser" time="0.360"/>
  <system-out/>
</testsuite> <!-- testAPI.SameUSerCreate_Update_Delete -->
