<?xml version="1.0" encoding="UTF-8"?>
<!-- Generated by org.testng.reporters.JUnitReportReporter -->
<testsuite hostname="LAPTOP-5KMFOFH9" failures="0" tests="1" name="mobileDriverSession.DriverSessionWithOptionsClass" time="15.574" errors="0" timestamp="2024-04-25T19:28:52 IST" skipped="0">
  <testcase classname="mobileDriverSession.DriverSessionWithOptionsClass" name="testDriverSession" time="15.574"/>
  <system-out/>
</testsuite> <!-- mobileDriverSession.DriverSessionWithOptionsClass -->
