<?xml version="1.0" encoding="UTF-8"?>
<!-- Generated by org.testng.reporters.JUnitReportReporter -->
<testsuite hostname="LAPTOP-5KMFOFH9" failures="0" tests="1" name="specialScenarios.ToggleData_Wifi_AirplaneMode" time="19.438" errors="0" timestamp="2024-04-25T21:23:20 IST" skipped="0">
  <testcase classname="specialScenarios.ToggleData_Wifi_AirplaneMode" name="testTogglrSetup" time="19.438"/>
  <system-out/>
</testsuite> <!-- specialScenarios.ToggleData_Wifi_AirplaneMode -->
