<?xml version="1.0" encoding="UTF-8"?>
<!-- Generated by org.testng.reporters.JUnitReportReporter -->
<testsuite hostname="LAPTOP-5KMFOFH9" failures="0" tests="1" name="mobileDriverSession.DriverSessionWithnAppPackage_Activity" time="9.344" errors="0" timestamp="2024-04-23T21:48:16 IST" skipped="0">
  <testcase classname="mobileDriverSession.DriverSessionWithnAppPackage_Activity" name="testDriverSession" time="9.344"/>
  <system-out/>
</testsuite> <!-- mobileDriverSession.DriverSessionWithnAppPackage_Activity -->
