<?xml version="1.0" encoding="UTF-8"?>
<!-- Generated by org.testng.reporters.JUnitReportReporter -->
<testsuite hostname="LAPTOP-5KMFOFH9" failures="0" tests="1" name="specialScenarios.NotificationsTest" time="11.329" errors="0" timestamp="2024-04-25T21:11:58 IST" skipped="0">
  <testcase classname="specialScenarios.NotificationsTest" name="testNotification" time="11.329"/>
  <system-out/>
</testsuite> <!-- specialScenarios.NotificationsTest -->
