<?xml version="1.0" encoding="UTF-8"?>
<!-- Generated by org.testng.reporters.JUnitReportReporter -->
<testsuite hostname="LAPTOP-5KMFOFH9" failures="0" tests="2" name="testAPI.Post_Request" time="4.600" errors="0" timestamp="2024-04-10T22:15:10 IST" skipped="0">
  <testcase classname="testAPI.Post_Request" name="postUsingHashMap" time="3.860"/>
  <system-out/>
  <testcase classname="testAPI.Post_Request" name="postUsingPojo" time="0.740"/>
  <system-out/>
</testsuite> <!-- testAPI.Post_Request -->
