<?xml version="1.0" encoding="UTF-8"?>
<!-- Generated by org.testng.reporters.JUnitReportReporter -->
<testsuite hostname="LAPTOP-5KMFOFH9" failures="0" tests="1" name="testAPI.Path_QueryParamaetersTEst" time="2.397" errors="0" timestamp="2024-04-11T20:59:35 IST" skipped="0">
  <testcase classname="testAPI.Path_QueryParamaetersTEst" name="setupForEndpoint" time="2.397"/>
  <system-out/>
</testsuite> <!-- testAPI.Path_QueryParamaetersTEst -->
