<?xml version="1.0" encoding="UTF-8"?>
<!-- Generated by org.testng.reporters.JUnitReportReporter -->
<testsuite hostname="LAPTOP-5KMFOFH9" failures="0" tests="1" name="interactWithElement.DragnDropGesture" time="14.868" errors="0" timestamp="2024-04-24T21:40:53 IST" skipped="0">
  <testcase classname="interactWithElement.DragnDropGesture" name="testDragGesture" time="14.868"/>
  <system-out/>
</testsuite> <!-- interactWithElement.DragnDropGesture -->
