<?xml version="1.0" encoding="UTF-8"?>
<!-- Generated by org.testng.reporters.JUnitReportReporter -->
<testsuite hostname="LAPTOP-5KMFOFH9" failures="0" tests="2" name="testAPI.Serialization_Deserialization" time="0.351" errors="0" timestamp="2024-04-11T21:48:23 IST" skipped="0">
  <testcase classname="testAPI.Serialization_Deserialization" name="testSerialization" time="0.315"/>
  <system-out/>
  <testcase classname="testAPI.Serialization_Deserialization" name="testDeserialization" time="0.036"/>
  <system-out/>
</testsuite> <!-- testAPI.Serialization_Deserialization -->
